\BOOKMARK [1][-]{section*.1}{\376\377\000E\000d\000u\000c\000a\000t\000i\000o\000n}{}% 1
\BOOKMARK [1][-]{section*.2}{\376\377\000R\000e\000s\000e\000a\000r\000c\000h\000\040\000\046\000\040\000P\000r\000o\000f\000e\000s\000s\000i\000o\000n\000a\000l\000\040\000E\000x\000p\000e\000r\000i\000e\000n\000c\000e}{}% 2
\BOOKMARK [1][-]{section*.3}{\376\377\000H\000o\000n\000o\000r\000s\000\040\000\046\000\040\000A\000w\000a\000r\000d\000s}{}% 3
\BOOKMARK [2][-]{subsection*.4}{\376\377\000R\000e\000s\000e\000a\000r\000c\000h\000\040\000G\000r\000a\000n\000t\000s}{section*.3}% 4
\BOOKMARK [2][-]{subsection*.5}{\376\377\000S\000c\000h\000o\000l\000a\000r\000s\000h\000i\000p\000s\000\040\000\046\000\040\000A\000w\000a\000r\000d\000s}{section*.3}% 5
\BOOKMARK [1][-]{section*.6}{\376\377\000P\000u\000b\000l\000i\000c\000a\000t\000i\000o\000n\000s}{}% 6
\BOOKMARK [2][-]{subsection*.7}{\376\377\000J\000o\000u\000r\000n\000a\000l\000\040\000A\000r\000t\000i\000c\000l\000e\000s}{section*.6}% 7
\BOOKMARK [2][-]{subsection*.8}{\376\377\000B\000o\000o\000k\000\040\000C\000h\000a\000p\000t\000e\000r\000s}{section*.6}% 8
\BOOKMARK [2][-]{subsection*.9}{\376\377\000O\000t\000h\000e\000r\000\040\000P\000u\000b\000l\000i\000c\000a\000t\000i\000o\000n\000s}{section*.6}% 9
\BOOKMARK [1][-]{section*.10}{\376\377\000I\000n\000v\000i\000t\000e\000d\000\040\000P\000r\000e\000s\000e\000n\000t\000a\000t\000i\000o\000n\000s}{}% 10
\BOOKMARK [1][-]{section*.11}{\376\377\000P\000r\000e\000s\000e\000n\000t\000a\000t\000i\000o\000n\000s}{}% 11
\BOOKMARK [1][-]{section*.12}{\376\377\000W\000o\000r\000k\000s\000h\000o\000p\000s}{}% 12
\BOOKMARK [1][-]{section*.13}{\376\377\000T\000e\000a\000c\000h\000i\000n\000g\000\040\000\046\000\040\000S\000u\000p\000e\000r\000v\000i\000s\000o\000r\000y\000\040\000E\000x\000p\000e\000r\000i\000e\000n\000c\000e}{}% 13
\BOOKMARK [2][-]{subsection*.14}{\376\377\000T\000e\000a\000c\000h\000i\000n\000g}{section*.13}% 14
\BOOKMARK [1][-]{section*.15}{\376\377\000C\000o\000m\000m\000u\000n\000i\000t\000y\000\040\000I\000n\000v\000o\000l\000v\000e\000m\000e\000n\000t}{}% 15
\BOOKMARK [2][-]{subsection*.16}{\376\377\000R\000e\000v\000i\000e\000w\000e\000r\000\040\000f\000o\000r}{section*.15}% 16
\BOOKMARK [2][-]{subsection*.17}{\376\377\000D\000e\000p\000a\000r\000t\000m\000e\000n\000t\000a\000l\000\040\000S\000e\000r\000v\000i\000c\000e}{section*.15}% 17
\BOOKMARK [2][-]{subsection*.18}{\376\377\000A\000c\000a\000d\000e\000m\000i\000c\000\040\000S\000e\000r\000v\000i\000c\000e}{section*.15}% 18
\BOOKMARK [2][-]{subsection*.19}{\376\377\000O\000r\000g\000a\000n\000i\000z\000a\000t\000i\000o\000n\000s\000\040\000\046\000\040\000M\000e\000m\000b\000e\000r\000s\000h\000i\000p\000s}{section*.15}% 19
\BOOKMARK [2][-]{subsection*.20}{\376\377\000S\000c\000i\000e\000n\000c\000e\000\040\000C\000o\000m\000m\000u\000n\000i\000c\000a\000t\000i\000o\000n}{section*.15}% 20
